Build started 2/10/2013 9:08:43 PM.
     1>Project "C:\Users\Kyle\Documents\GitHub\Pokemon-Internal-Blades\Pokemon Internal Blades\Pokemon Internal Blades.vcxproj" on node 2 (build target(s)).
     1>InitializeBuildStatus:
         Creating "Debug\Pokemon Internal Blades.unsuccessfulbuild" because "AlwaysCreate" was specified.
       GenerateTargetFrameworkMonikerAttribute:
       Skipping target "GenerateTargetFrameworkMonikerAttribute" because all output files are up-to-date with respect to the input files.
       ClCompile:
         All outputs are up-to-date.
         C:\Program Files (x86)\Microsoft Visual Studio 10.0\VC\bin\CL.exe /c /AI"C:\Program Files (x86)\Reference Assemblies\Microsoft\Framework\.NETFramework\v4.0" /Zi /clr /nologo /W3 /WX- /Od /Oy- /D WIN32 /D _DEBUG /D _WINDLL /D _UNICODE /D UNICODE /EHa /MDd /GS /fp:precise /Zc:wchar_t /Zc:forScope /Yu"StdAfx.h" /Fp"Debug\Pokemon Internal Blades.pch" /Fo"Debug\\" /Fd"Debug\vc100.pdb" /TP /FU"C:\Program Files (x86)\Reference Assemblies\Microsoft\Framework\.NETFramework\v4.0\System.Core.dll" /FU"C:\Program Files (x86)\Reference Assemblies\Microsoft\Framework\.NETFramework\v4.0\System.Data.dll" /FU"C:\Program Files (x86)\Reference Assemblies\Microsoft\Framework\.NETFramework\v4.0\System.dll" /FU"C:\Program Files (x86)\Reference Assemblies\Microsoft\Framework\.NETFramework\v4.0\System.Drawing.dll" /FU"C:\Program Files (x86)\Reference Assemblies\Microsoft\Framework\.NETFramework\v4.0\System.Windows.Forms.dll" /FU"C:\Program Files (x86)\Reference Assemblies\Microsoft\Framework\.NETFramework\v4.0\System.Xml.dll" /analyze- /errorReport:prompt Story_Events.cpp /clr:nostdlib 
         Story_Events.cpp
         All outputs are up-to-date.
       CoreResGen:
         No resources are out of date with respect to their source files. Skipping resource generation.
       ResourceCompile:
         All outputs are up-to-date.
       Link:
         C:\Program Files (x86)\Microsoft Visual Studio 10.0\VC\bin\link.exe /ERRORREPORT:PROMPT /OUT:"C:\Users\Kyle\Documents\GitHub\Pokemon-Internal-Blades\Debug\Pokemon Internal Blades.dll" /INCREMENTAL:NO /NOLOGO /ASSEMBLYRESOURCE:"Debug\PokemonInternalBlades.Internal Blades Window.resources" /MANIFEST /ManifestFile:"Debug\Pokemon Internal Blades.dll.intermediate.manifest" /MANIFESTUAC:"level='asInvoker' uiAccess='false'" /DEBUG /PDB:"C:\Users\Kyle\Documents\GitHub\Pokemon-Internal-Blades\Debug\Pokemon Internal Blades.pdb" /ASSEMBLYDEBUG /TLBID:1 /DYNAMICBASE /FIXED:NO /NXCOMPAT /MACHINE:X86 /DLL Debug\app.res
         Debug\AssemblyInfo.obj
         "Debug\Internal Blades Window.obj"
         Debug\Move.obj
         Debug\Nature.obj
         "Debug\Pokemon Internal Blades.obj"
         Debug\Pokemon.obj
         Debug\p_Type.obj
         Debug\Stdafx.obj
         Debug\Story_Events.obj
         "Debug\.NETFramework,Version=v4.0.AssemblyAttributes.obj"
         Pokemon Internal Blades.vcxproj -> C:\Users\Kyle\Documents\GitHub\Pokemon-Internal-Blades\Debug\Pokemon Internal Blades.dll
       Manifest:
         C:\Program Files (x86)\Microsoft SDKs\Windows\v7.0A\bin\mt.exe /nologo /verbose /outputresource:"C:\Users\Kyle\Documents\GitHub\Pokemon-Internal-Blades\Debug\Pokemon Internal Blades.dll;#2" /manifest "Debug\Pokemon Internal Blades.dll.intermediate.manifest"
       FinalizeBuildStatus:
         Deleting file "Debug\Pokemon Internal Blades.unsuccessfulbuild".
         Touching "Debug\Pokemon Internal Blades.lastbuildstate".
     1>Done Building Project "C:\Users\Kyle\Documents\GitHub\Pokemon-Internal-Blades\Pokemon Internal Blades\Pokemon Internal Blades.vcxproj" (build target(s)).

Build succeeded.

Time Elapsed 00:00:02.14
