C:\USERS\KYLE\DOCUMENTS\GITHUB\POKEMON INTERNAL BLADES\DEBUG\POKEMON INTERNAL BLADES.DLL
C:\Users\Kyle\Documents\GitHub\Pokemon Internal Blades\Debug\Pokemon Internal Blades.pdb
C:\Users\Kyle\Documents\GitHub\Pokemon Internal Blades\Pokemon Internal Blades\Debug\.NETFramework,Version=v4.0.AssemblyAttributes.obj
C:\USERS\KYLE\DOCUMENTS\GITHUB\POKEMON INTERNAL BLADES\POKEMON INTERNAL BLADES\DEBUG\APP.RES
C:\USERS\KYLE\DOCUMENTS\GITHUB\POKEMON INTERNAL BLADES\POKEMON INTERNAL BLADES\DEBUG\ASSEMBLYINFO.OBJ
C:\Users\Kyle\Documents\GitHub\Pokemon Internal Blades\Pokemon Internal Blades\Debug\cl.command.1.tlog
C:\Users\Kyle\Documents\GitHub\Pokemon Internal Blades\Pokemon Internal Blades\Debug\CL.read.1.tlog
C:\Users\Kyle\Documents\GitHub\Pokemon Internal Blades\Pokemon Internal Blades\Debug\CL.write.1.tlog
C:\USERS\KYLE\DOCUMENTS\GITHUB\POKEMON INTERNAL BLADES\POKEMON INTERNAL BLADES\DEBUG\INTERNAL BLADES WINDOW.OBJ
C:\Users\Kyle\Documents\GitHub\Pokemon Internal Blades\Pokemon Internal Blades\Debug\link.command.1.tlog
C:\Users\Kyle\Documents\GitHub\Pokemon Internal Blades\Pokemon Internal Blades\Debug\link.read.1.tlog
C:\Users\Kyle\Documents\GitHub\Pokemon Internal Blades\Pokemon Internal Blades\Debug\link.write.1.tlog
C:\Users\Kyle\Documents\GitHub\Pokemon Internal Blades\Pokemon Internal Blades\Debug\link-cvtres.read.1.tlog
C:\Users\Kyle\Documents\GitHub\Pokemon Internal Blades\Pokemon Internal Blades\Debug\link-cvtres.write.1.tlog
C:\Users\Kyle\Documents\GitHub\Pokemon Internal Blades\Pokemon Internal Blades\Debug\metagen.read.1.tlog
C:\Users\Kyle\Documents\GitHub\Pokemon Internal Blades\Pokemon Internal Blades\Debug\metagen.write.1.tlog
C:\USERS\KYLE\DOCUMENTS\GITHUB\POKEMON INTERNAL BLADES\POKEMON INTERNAL BLADES\DEBUG\MOVE.OBJ
C:\Users\Kyle\Documents\GitHub\Pokemon Internal Blades\Pokemon Internal Blades\Debug\mt.command.1.tlog
C:\Users\Kyle\Documents\GitHub\Pokemon Internal Blades\Pokemon Internal Blades\Debug\mt.read.1.tlog
C:\Users\Kyle\Documents\GitHub\Pokemon Internal Blades\Pokemon Internal Blades\Debug\mt.write.1.tlog
C:\USERS\KYLE\DOCUMENTS\GITHUB\POKEMON INTERNAL BLADES\POKEMON INTERNAL BLADES\DEBUG\NATURE.OBJ
C:\USERS\KYLE\DOCUMENTS\GITHUB\POKEMON INTERNAL BLADES\POKEMON INTERNAL BLADES\DEBUG\P_TYPE.OBJ
C:\USERS\KYLE\DOCUMENTS\GITHUB\POKEMON INTERNAL BLADES\POKEMON INTERNAL BLADES\DEBUG\POKEMON INTERNAL BLADES.DLL
C:\Users\Kyle\Documents\GitHub\Pokemon Internal Blades\Pokemon Internal Blades\Debug\Pokemon Internal Blades.dll.intermediate.manifest
C:\USERS\KYLE\DOCUMENTS\GITHUB\POKEMON INTERNAL BLADES\POKEMON INTERNAL BLADES\DEBUG\POKEMON INTERNAL BLADES.OBJ
C:\USERS\KYLE\DOCUMENTS\GITHUB\POKEMON INTERNAL BLADES\POKEMON INTERNAL BLADES\DEBUG\POKEMON INTERNAL BLADES.PCH
C:\USERS\KYLE\DOCUMENTS\GITHUB\POKEMON INTERNAL BLADES\POKEMON INTERNAL BLADES\DEBUG\POKEMON INTERNAL BLADES.PDB
C:\Users\Kyle\Documents\GitHub\Pokemon Internal Blades\Pokemon Internal Blades\Debug\Pokemon Internal Blades.vcxproj.GenerateResource.Cache
C:\Users\Kyle\Documents\GitHub\Pokemon Internal Blades\Pokemon Internal Blades\Debug\Pokemon Internal Blades.vcxprojResolveAssemblyReference.cache
C:\Users\Kyle\Documents\GitHub\Pokemon Internal Blades\Pokemon Internal Blades\Debug\Pokemon Internal Blades.write.1.tlog
C:\USERS\KYLE\DOCUMENTS\GITHUB\POKEMON INTERNAL BLADES\POKEMON INTERNAL BLADES\DEBUG\POKEMON.OBJ
C:\Users\Kyle\Documents\GitHub\Pokemon Internal Blades\Pokemon Internal Blades\Debug\PokemonInternalBlades.Internal Blades Window.resources
C:\Users\Kyle\Documents\GitHub\Pokemon Internal Blades\Pokemon Internal Blades\Debug\rc.command.1.tlog
C:\Users\Kyle\Documents\GitHub\Pokemon Internal Blades\Pokemon Internal Blades\Debug\rc.read.1.tlog
C:\Users\Kyle\Documents\GitHub\Pokemon Internal Blades\Pokemon Internal Blades\Debug\rc.write.1.tlog
C:\Users\Kyle\Documents\GitHub\Pokemon Internal Blades\Pokemon Internal Blades\Debug\RSAENH.DLL.bi
C:\USERS\KYLE\DOCUMENTS\GITHUB\POKEMON INTERNAL BLADES\POKEMON INTERNAL BLADES\DEBUG\STDAFX.OBJ
C:\USERS\KYLE\DOCUMENTS\GITHUB\POKEMON INTERNAL BLADES\POKEMON INTERNAL BLADES\DEBUG\STORY_EVENTS.OBJ
C:\Users\Kyle\Documents\GitHub\Pokemon Internal Blades\Pokemon Internal Blades\Debug\TZRES.DLL.bi
C:\USERS\KYLE\DOCUMENTS\GITHUB\POKEMON INTERNAL BLADES\POKEMON INTERNAL BLADES\DEBUG\VC100.PDB
C:\USERS\KYLE\DOCUMENTS\GITHUB\POKEMON INTERNAL BLADES\POKEMON INTERNAL BLADES\POKEMON INTERNAL BLADES\DEBUG\.NETFRAMEWORK,VERSION=V4.0.ASSEMBLYATTRIBUTES.OBJ
C:\USERS\KYLE\DOCUMENTS\GITHUB\POKEMON INTERNAL BLADES\POKEMON INTERNAL BLADES\POKEMON INTERNAL BLADES\DEBUG\APP.RES
C:\USERS\KYLE\DOCUMENTS\GITHUB\POKEMON INTERNAL BLADES\POKEMON INTERNAL BLADES\POKEMON INTERNAL BLADES\DEBUG\ASSEMBLYINFO.OBJ
C:\USERS\KYLE\DOCUMENTS\GITHUB\POKEMON INTERNAL BLADES\POKEMON INTERNAL BLADES\POKEMON INTERNAL BLADES\DEBUG\INTERNAL BLADES WINDOW.OBJ
C:\USERS\KYLE\DOCUMENTS\GITHUB\POKEMON INTERNAL BLADES\POKEMON INTERNAL BLADES\POKEMON INTERNAL BLADES\DEBUG\MOVE.OBJ
C:\USERS\KYLE\DOCUMENTS\GITHUB\POKEMON INTERNAL BLADES\POKEMON INTERNAL BLADES\POKEMON INTERNAL BLADES\DEBUG\NATURE.OBJ
C:\USERS\KYLE\DOCUMENTS\GITHUB\POKEMON INTERNAL BLADES\POKEMON INTERNAL BLADES\POKEMON INTERNAL BLADES\DEBUG\P_TYPE.OBJ
C:\USERS\KYLE\DOCUMENTS\GITHUB\POKEMON INTERNAL BLADES\POKEMON INTERNAL BLADES\POKEMON INTERNAL BLADES\DEBUG\POKEMON INTERNAL BLADES.DLL.INTERMEDIATE.MANIFEST
C:\USERS\KYLE\DOCUMENTS\GITHUB\POKEMON INTERNAL BLADES\POKEMON INTERNAL BLADES\POKEMON INTERNAL BLADES\DEBUG\POKEMON INTERNAL BLADES.OBJ
C:\USERS\KYLE\DOCUMENTS\GITHUB\POKEMON INTERNAL BLADES\POKEMON INTERNAL BLADES\POKEMON INTERNAL BLADES\DEBUG\POKEMON INTERNAL BLADES.PCH
C:\USERS\KYLE\DOCUMENTS\GITHUB\POKEMON INTERNAL BLADES\POKEMON INTERNAL BLADES\POKEMON INTERNAL BLADES\DEBUG\POKEMON.OBJ
C:\USERS\KYLE\DOCUMENTS\GITHUB\POKEMON INTERNAL BLADES\POKEMON INTERNAL BLADES\POKEMON INTERNAL BLADES\DEBUG\STDAFX.OBJ
C:\USERS\KYLE\DOCUMENTS\GITHUB\POKEMON INTERNAL BLADES\POKEMON INTERNAL BLADES\POKEMON INTERNAL BLADES\DEBUG\STORY_EVENTS.OBJ
C:\USERS\KYLE\DOCUMENTS\GITHUB\POKEMON INTERNAL BLADES\POKEMON INTERNAL BLADES\POKEMON INTERNAL BLADES\DEBUG\VC100.PDB
